com.morressier.scripts.LoginLogoutTest 2018-08-26 16:42:51,492 com.morressier.base.BaseTest.initReport(BaseTest.java:57) Initializing ExtentReport 
com.morressier.scripts.LoginLogoutTest 2018-08-26 16:42:51,846 com.morressier.base.BaseTest.initGlobalVar(BaseTest.java:72) Initialize Global Variables 
com.morressier.scripts.LoginLogoutTest 2018-08-26 16:42:51,922 com.morressier.base.BaseTest.initApplication(BaseTest.java:83) Opening Browser:chrome 
com.morressier.scripts.LoginLogoutTest 2018-08-26 16:42:52,283 com.morressier.base.BaseTest.publishReport(BaseTest.java:66) Publishing ExtentReport:./report/26_08_2018_04_42_51.html 
com.morressier.scripts.LoginLogoutTest 2018-08-26 16:43:30,497 com.morressier.base.BaseTest.initReport(BaseTest.java:57) Initializing ExtentReport 
com.morressier.scripts.LoginLogoutTest 2018-08-26 16:43:30,734 com.morressier.base.BaseTest.initGlobalVar(BaseTest.java:72) Initialize Global Variables 
com.morressier.scripts.LoginLogoutTest 2018-08-26 16:43:30,762 com.morressier.base.BaseTest.initApplication(BaseTest.java:83) Opening Browser:chrome 
com.morressier.scripts.LoginLogoutTest 2018-08-26 16:43:30,986 com.morressier.base.BaseTest.publishReport(BaseTest.java:66) Publishing ExtentReport:./report/26_08_2018_04_43_30.html 
com.morressier.scripts.LoginLogoutTest 2018-08-26 16:44:08,982 com.morressier.base.BaseTest.initReport(BaseTest.java:57) Initializing ExtentReport 
com.morressier.scripts.LoginLogoutTest 2018-08-26 16:44:09,220 com.morressier.base.BaseTest.initGlobalVar(BaseTest.java:72) Initialize Global Variables 
com.morressier.scripts.LoginLogoutTest 2018-08-26 16:44:09,248 com.morressier.base.BaseTest.initApplication(BaseTest.java:83) Opening Browser:chrome 
com.morressier.scripts.LoginLogoutTest 2018-08-26 16:44:23,011 com.morressier.base.BaseTest.preCondition(BaseTest.java:114) Auto login 
com.morressier.scripts.LoginLogoutTest 2018-08-26 16:44:25,239 com.morressier.base.BaseTest.preCondition(BaseTest.java:118) Started executing test:testAutoLoginLogout 
com.morressier.scripts.LoginLogoutTest 2018-08-26 16:44:25,257 com.morressier.scripts.LoginLogoutTest.testAutoLoginLogout(LoginLogoutTest.java:10) This script will automatically login and logout 
com.morressier.scripts.LoginLogoutTest 2018-08-26 16:44:25,261 com.morressier.base.BaseTest.postCondition(BaseTest.java:143) Test is PASSED 
com.morressier.scripts.LoginLogoutTest 2018-08-26 16:44:25,269 com.morressier.base.BaseTest.postCondition(BaseTest.java:148) Auto logout 
com.morressier.scripts.LoginLogoutTest 2018-08-26 16:44:45,551 com.morressier.base.BaseTest.publishReport(BaseTest.java:66) Publishing ExtentReport:./report/26_08_2018_04_44_08.html 
com.morressier.scripts.LoginLogoutTest 2018-08-26 16:50:20,511 com.morressier.base.BaseTest.initReport(BaseTest.java:57) Initializing ExtentReport 
com.morressier.scripts.LoginLogoutTest 2018-08-26 16:50:20,753 com.morressier.base.BaseTest.initGlobalVar(BaseTest.java:72) Initialize Global Variables 
com.morressier.scripts.LoginLogoutTest 2018-08-26 16:50:20,781 com.morressier.base.BaseTest.initApplication(BaseTest.java:83) Opening Browser:chrome 
com.morressier.scripts.LoginLogoutTest 2018-08-26 16:50:29,642 com.morressier.base.BaseTest.preCondition(BaseTest.java:114) Auto login 
com.morressier.scripts.LoginLogoutTest 2018-08-26 16:50:32,312 com.morressier.base.BaseTest.preCondition(BaseTest.java:118) Started executing test:testAutoLoginLogout 
com.morressier.scripts.LoginLogoutTest 2018-08-26 16:50:32,328 com.morressier.scripts.LoginLogoutTest.testAutoLoginLogout(LoginLogoutTest.java:10) This script will automatically login and logout 
com.morressier.scripts.LoginLogoutTest 2018-08-26 16:50:32,336 com.morressier.base.BaseTest.postCondition(BaseTest.java:143) Test is PASSED 
com.morressier.scripts.LoginLogoutTest 2018-08-26 16:50:32,340 com.morressier.base.BaseTest.postCondition(BaseTest.java:148) Auto logout 
com.morressier.scripts.LoginLogoutTest 2018-08-26 16:50:33,784 com.morressier.base.BaseTest.closeApplication(BaseTest.java:106) Closing Browser 
com.morressier.scripts.LoginLogoutTest 2018-08-26 16:50:34,845 com.morressier.base.BaseTest.publishReport(BaseTest.java:66) Publishing ExtentReport:./report/26_08_2018_04_50_20.html 
com.morressier.scripts.SearchTest 2018-08-26 17:16:58,095 com.morressier.base.BaseTest.initReport(BaseTest.java:57) Initializing ExtentReport 
com.morressier.scripts.SearchTest 2018-08-26 17:16:58,334 com.morressier.base.BaseTest.initGlobalVar(BaseTest.java:72) Initialize Global Variables 
com.morressier.scripts.SearchTest 2018-08-26 17:16:58,363 com.morressier.base.BaseTest.initApplication(BaseTest.java:83) Opening Browser:chrome 
com.morressier.scripts.SearchTest 2018-08-26 17:17:07,869 com.morressier.base.BaseTest.preCondition(BaseTest.java:114) Auto login 
com.morressier.scripts.SearchTest 2018-08-26 17:17:10,994 com.morressier.base.BaseTest.preCondition(BaseTest.java:118) Started executing test:search 
com.morressier.scripts.SearchTest 2018-08-26 17:17:33,397 com.morressier.base.BaseTest.postCondition(BaseTest.java:138) Test is FAILED 
com.morressier.scripts.SearchTest 2018-08-26 17:17:33,401 com.morressier.base.BaseTest.postCondition(BaseTest.java:148) Auto logout 
com.morressier.scripts.SearchTest 2018-08-26 17:17:33,870 com.morressier.base.BaseTest.closeApplication(BaseTest.java:106) Closing Browser 
com.morressier.scripts.SearchTest 2018-08-26 17:17:34,783 com.morressier.base.BaseTest.publishReport(BaseTest.java:66) Publishing ExtentReport:./report/26_08_2018_05_16_58.html 
com.morressier.scripts.SearchTest 2018-08-26 17:18:10,068 com.morressier.base.BaseTest.initReport(BaseTest.java:57) Initializing ExtentReport 
com.morressier.scripts.SearchTest 2018-08-26 17:18:10,312 com.morressier.base.BaseTest.initGlobalVar(BaseTest.java:72) Initialize Global Variables 
com.morressier.scripts.SearchTest 2018-08-26 17:18:10,341 com.morressier.base.BaseTest.initApplication(BaseTest.java:83) Opening Browser:chrome 
com.morressier.scripts.SearchTest 2018-08-26 17:18:19,746 com.morressier.base.BaseTest.preCondition(BaseTest.java:114) Auto login 
com.morressier.scripts.SearchTest 2018-08-26 17:18:22,864 com.morressier.base.BaseTest.preCondition(BaseTest.java:118) Started executing test:search 
com.morressier.scripts.SearchTest 2018-08-26 17:18:44,704 com.morressier.base.BaseTest.postCondition(BaseTest.java:138) Test is FAILED 
com.morressier.scripts.SearchTest 2018-08-26 17:18:44,708 com.morressier.base.BaseTest.postCondition(BaseTest.java:148) Auto logout 
com.morressier.scripts.SearchTest 2018-08-26 17:18:45,153 com.morressier.base.BaseTest.closeApplication(BaseTest.java:106) Closing Browser 
com.morressier.scripts.SearchTest 2018-08-26 17:18:46,214 com.morressier.base.BaseTest.publishReport(BaseTest.java:66) Publishing ExtentReport:./report/26_08_2018_05_18_10.html 
com.morressier.scripts.SearchTest 2018-08-26 17:19:16,640 com.morressier.base.BaseTest.initReport(BaseTest.java:57) Initializing ExtentReport 
com.morressier.scripts.SearchTest 2018-08-26 17:19:16,879 com.morressier.base.BaseTest.initGlobalVar(BaseTest.java:72) Initialize Global Variables 
com.morressier.scripts.SearchTest 2018-08-26 17:19:16,908 com.morressier.base.BaseTest.initApplication(BaseTest.java:83) Opening Browser:chrome 
com.morressier.scripts.SearchTest 2018-08-26 17:19:26,650 com.morressier.base.BaseTest.preCondition(BaseTest.java:114) Auto login 
com.morressier.scripts.SearchTest 2018-08-26 17:19:28,358 com.morressier.base.BaseTest.preCondition(BaseTest.java:118) Started executing test:search 
com.morressier.scripts.SearchTest 2018-08-26 17:19:30,757 com.morressier.base.BaseTest.postCondition(BaseTest.java:138) Test is FAILED 
com.morressier.scripts.SearchTest 2018-08-26 17:19:30,761 com.morressier.base.BaseTest.postCondition(BaseTest.java:148) Auto logout 
com.morressier.scripts.SearchTest 2018-08-26 17:19:31,425 com.morressier.base.BaseTest.closeApplication(BaseTest.java:106) Closing Browser 
com.morressier.scripts.SearchTest 2018-08-26 17:19:32,539 com.morressier.base.BaseTest.publishReport(BaseTest.java:66) Publishing ExtentReport:./report/26_08_2018_05_19_16.html 
com.morressier.scripts.SearchTest 2018-08-26 17:19:51,410 com.morressier.base.BaseTest.initReport(BaseTest.java:57) Initializing ExtentReport 
com.morressier.scripts.SearchTest 2018-08-26 17:19:51,646 com.morressier.base.BaseTest.initGlobalVar(BaseTest.java:72) Initialize Global Variables 
com.morressier.scripts.SearchTest 2018-08-26 17:19:51,674 com.morressier.base.BaseTest.initApplication(BaseTest.java:83) Opening Browser:chrome 
com.morressier.scripts.SearchTest 2018-08-26 17:20:00,772 com.morressier.base.BaseTest.preCondition(BaseTest.java:114) Auto login 
com.morressier.scripts.SearchTest 2018-08-26 17:20:03,887 com.morressier.base.BaseTest.preCondition(BaseTest.java:118) Started executing test:search 
com.morressier.scripts.SearchTest 2018-08-26 17:20:14,215 com.morressier.base.BaseTest.postCondition(BaseTest.java:143) Test is PASSED 
com.morressier.scripts.SearchTest 2018-08-26 17:20:14,219 com.morressier.base.BaseTest.postCondition(BaseTest.java:148) Auto logout 
com.morressier.scripts.SearchTest 2018-08-26 17:20:14,871 com.morressier.base.BaseTest.closeApplication(BaseTest.java:106) Closing Browser 
com.morressier.scripts.SearchTest 2018-08-26 17:20:15,929 com.morressier.base.BaseTest.publishReport(BaseTest.java:66) Publishing ExtentReport:./report/26_08_2018_05_19_51.html 
com.morressier.scripts.SearchTest 2018-08-26 17:21:36,378 com.morressier.base.BaseTest.initReport(BaseTest.java:57) Initializing ExtentReport 
com.morressier.scripts.SearchTest 2018-08-26 17:21:36,614 com.morressier.base.BaseTest.initGlobalVar(BaseTest.java:72) Initialize Global Variables 
com.morressier.scripts.SearchTest 2018-08-26 17:21:36,643 com.morressier.base.BaseTest.initApplication(BaseTest.java:83) Opening Browser:chrome 
com.morressier.scripts.SearchTest 2018-08-26 17:21:46,091 com.morressier.base.BaseTest.preCondition(BaseTest.java:114) Auto login 
com.morressier.scripts.SearchTest 2018-08-26 17:21:48,047 com.morressier.base.BaseTest.preCondition(BaseTest.java:118) Started executing test:search 
com.morressier.scripts.SearchTest 2018-08-26 17:22:08,367 com.morressier.base.BaseTest.postCondition(BaseTest.java:143) Test is PASSED 
com.morressier.scripts.SearchTest 2018-08-26 17:22:08,371 com.morressier.base.BaseTest.postCondition(BaseTest.java:148) Auto logout 
com.morressier.scripts.SearchTest 2018-08-26 17:22:12,507 com.morressier.base.BaseTest.publishReport(BaseTest.java:66) Publishing ExtentReport:./report/26_08_2018_05_21_36.html 
com.morressier.scripts.SearchTest 2018-08-26 17:23:45,868 com.morressier.base.BaseTest.initReport(BaseTest.java:57) Initializing ExtentReport 
com.morressier.scripts.SearchTest 2018-08-26 17:23:46,107 com.morressier.base.BaseTest.initGlobalVar(BaseTest.java:72) Initialize Global Variables 
com.morressier.scripts.SearchTest 2018-08-26 17:23:46,135 com.morressier.base.BaseTest.initApplication(BaseTest.java:83) Opening Browser:chrome 
com.morressier.scripts.SearchTest 2018-08-26 17:23:56,948 com.morressier.base.BaseTest.preCondition(BaseTest.java:114) Auto login 
com.morressier.scripts.SearchTest 2018-08-26 17:23:59,063 com.morressier.base.BaseTest.preCondition(BaseTest.java:118) Started executing test:search 
com.morressier.scripts.SearchTest 2018-08-26 17:24:19,541 com.morressier.base.BaseTest.postCondition(BaseTest.java:143) Test is PASSED 
com.morressier.scripts.SearchTest 2018-08-26 17:24:19,545 com.morressier.base.BaseTest.postCondition(BaseTest.java:148) Auto logout 
com.morressier.scripts.SearchTest 2018-08-26 17:24:19,996 com.morressier.base.BaseTest.closeApplication(BaseTest.java:106) Closing Browser 
com.morressier.scripts.SearchTest 2018-08-26 17:24:20,946 com.morressier.base.BaseTest.publishReport(BaseTest.java:66) Publishing ExtentReport:./report/26_08_2018_05_23_45.html 
com.morressier.scripts.SearchTest 2018-08-26 17:27:16,847 com.morressier.base.BaseTest.initReport(BaseTest.java:57) Initializing ExtentReport 
com.morressier.scripts.SearchTest 2018-08-26 17:27:17,082 com.morressier.base.BaseTest.initGlobalVar(BaseTest.java:72) Initialize Global Variables 
com.morressier.scripts.SearchTest 2018-08-26 17:27:17,110 com.morressier.base.BaseTest.initApplication(BaseTest.java:83) Opening Browser:chrome 
com.morressier.scripts.SearchTest 2018-08-26 17:27:27,239 com.morressier.base.BaseTest.preCondition(BaseTest.java:114) Auto login 
com.morressier.scripts.SearchTest 2018-08-26 17:27:30,295 com.morressier.base.BaseTest.preCondition(BaseTest.java:118) Started executing test:search 
com.morressier.scripts.SearchTest 2018-08-26 17:27:50,696 com.morressier.base.BaseTest.postCondition(BaseTest.java:143) Test is PASSED 
com.morressier.scripts.SearchTest 2018-08-26 17:27:50,700 com.morressier.base.BaseTest.postCondition(BaseTest.java:148) Auto logout 
com.morressier.scripts.SearchTest 2018-08-26 17:27:51,147 com.morressier.base.BaseTest.closeApplication(BaseTest.java:106) Closing Browser 
com.morressier.scripts.SearchTest 2018-08-26 17:27:52,048 com.morressier.base.BaseTest.publishReport(BaseTest.java:66) Publishing ExtentReport:./report/26_08_2018_05_27_16.html 
com.morressier.scripts.SearchTest 2018-08-26 17:28:25,546 com.morressier.base.BaseTest.initReport(BaseTest.java:57) Initializing ExtentReport 
com.morressier.scripts.SearchTest 2018-08-26 17:28:25,780 com.morressier.base.BaseTest.initGlobalVar(BaseTest.java:72) Initialize Global Variables 
com.morressier.scripts.SearchTest 2018-08-26 17:28:25,807 com.morressier.base.BaseTest.initApplication(BaseTest.java:83) Opening Browser:chrome 
com.morressier.scripts.SearchTest 2018-08-26 17:28:35,254 com.morressier.base.BaseTest.preCondition(BaseTest.java:114) Auto login 
com.morressier.scripts.SearchTest 2018-08-26 17:28:37,965 com.morressier.base.BaseTest.preCondition(BaseTest.java:118) Started executing test:search 
com.morressier.scripts.SearchTest 2018-08-26 17:28:58,349 com.morressier.base.BaseTest.postCondition(BaseTest.java:143) Test is PASSED 
com.morressier.scripts.SearchTest 2018-08-26 17:28:58,354 com.morressier.base.BaseTest.postCondition(BaseTest.java:148) Auto logout 
com.morressier.scripts.SearchTest 2018-08-26 17:28:58,786 com.morressier.base.BaseTest.closeApplication(BaseTest.java:106) Closing Browser 
com.morressier.scripts.SearchTest 2018-08-26 17:28:59,795 com.morressier.base.BaseTest.publishReport(BaseTest.java:66) Publishing ExtentReport:./report/26_08_2018_05_28_25.html 
com.morressier.scripts.SearchTest 2018-08-26 17:29:43,155 com.morressier.base.BaseTest.initReport(BaseTest.java:57) Initializing ExtentReport 
com.morressier.scripts.SearchTest 2018-08-26 17:29:43,391 com.morressier.base.BaseTest.initGlobalVar(BaseTest.java:72) Initialize Global Variables 
com.morressier.scripts.SearchTest 2018-08-26 17:29:43,420 com.morressier.base.BaseTest.initApplication(BaseTest.java:83) Opening Browser:chrome 
com.morressier.scripts.SearchTest 2018-08-26 17:29:52,537 com.morressier.base.BaseTest.preCondition(BaseTest.java:114) Auto login 
com.morressier.scripts.SearchTest 2018-08-26 17:29:55,640 com.morressier.base.BaseTest.preCondition(BaseTest.java:118) Started executing test:search 
com.morressier.scripts.SearchTest 2018-08-26 17:30:16,086 com.morressier.base.BaseTest.postCondition(BaseTest.java:143) Test is PASSED 
com.morressier.scripts.SearchTest 2018-08-26 17:30:16,090 com.morressier.base.BaseTest.postCondition(BaseTest.java:148) Auto logout 
com.morressier.scripts.SearchTest 2018-08-26 17:30:16,529 com.morressier.base.BaseTest.closeApplication(BaseTest.java:106) Closing Browser 
com.morressier.scripts.SearchTest 2018-08-26 17:30:17,484 com.morressier.base.BaseTest.publishReport(BaseTest.java:66) Publishing ExtentReport:./report/26_08_2018_05_29_43.html 
com.morressier.scripts.SearchTest 2018-08-26 17:33:00,207 com.morressier.base.BaseTest.initReport(BaseTest.java:57) Initializing ExtentReport 
com.morressier.scripts.SearchTest 2018-08-26 17:33:00,442 com.morressier.base.BaseTest.initGlobalVar(BaseTest.java:72) Initialize Global Variables 
com.morressier.scripts.SearchTest 2018-08-26 17:33:00,470 com.morressier.base.BaseTest.initApplication(BaseTest.java:83) Opening Browser:chrome 
com.morressier.scripts.SearchTest 2018-08-26 17:33:10,300 com.morressier.base.BaseTest.preCondition(BaseTest.java:114) Auto login 
com.morressier.scripts.SearchTest 2018-08-26 17:33:13,355 com.morressier.base.BaseTest.preCondition(BaseTest.java:118) Started executing test:search 
com.morressier.scripts.SearchTest 2018-08-26 17:33:43,878 com.morressier.base.BaseTest.postCondition(BaseTest.java:143) Test is PASSED 
com.morressier.scripts.SearchTest 2018-08-26 17:33:43,883 com.morressier.base.BaseTest.postCondition(BaseTest.java:148) Auto logout 
com.morressier.scripts.SearchTest 2018-08-26 17:33:44,331 com.morressier.base.BaseTest.closeApplication(BaseTest.java:106) Closing Browser 
com.morressier.scripts.SearchTest 2018-08-26 17:33:45,239 com.morressier.base.BaseTest.publishReport(BaseTest.java:66) Publishing ExtentReport:./report/26_08_2018_05_33_00.html 
com.morressier.scripts.SearchTest 2018-08-26 18:33:31,678 com.morressier.base.BaseTest.initReport(BaseTest.java:57) Initializing ExtentReport 
com.morressier.scripts.SearchTest 2018-08-26 18:33:31,927 com.morressier.base.BaseTest.initGlobalVar(BaseTest.java:72) Initialize Global Variables 
com.morressier.scripts.SearchTest 2018-08-26 18:33:31,957 com.morressier.base.BaseTest.initApplication(BaseTest.java:83) Opening Browser:chrome 
com.morressier.scripts.SearchTest 2018-08-26 18:33:41,130 com.morressier.base.BaseTest.preCondition(BaseTest.java:114) Auto login 
com.morressier.scripts.SearchTest 2018-08-26 18:33:44,271 com.morressier.base.BaseTest.preCondition(BaseTest.java:118) Started executing test:search 
com.morressier.scripts.SearchTest 2018-08-26 18:33:46,185 com.morressier.base.BaseTest.postCondition(BaseTest.java:138) Test is FAILED 
com.morressier.scripts.SearchTest 2018-08-26 18:33:46,189 com.morressier.base.BaseTest.postCondition(BaseTest.java:148) Auto logout 
com.morressier.scripts.SearchTest 2018-08-26 18:33:46,619 com.morressier.base.BaseTest.closeApplication(BaseTest.java:106) Closing Browser 
com.morressier.scripts.SearchTest 2018-08-26 18:33:47,590 com.morressier.base.BaseTest.publishReport(BaseTest.java:66) Publishing ExtentReport:./report/26_08_2018_06_33_31.html 
com.morressier.scripts.SearchTest 2018-08-26 18:34:07,022 com.morressier.base.BaseTest.initReport(BaseTest.java:57) Initializing ExtentReport 
com.morressier.scripts.SearchTest 2018-08-26 18:34:07,255 com.morressier.base.BaseTest.initGlobalVar(BaseTest.java:72) Initialize Global Variables 
com.morressier.scripts.SearchTest 2018-08-26 18:34:07,283 com.morressier.base.BaseTest.initApplication(BaseTest.java:83) Opening Browser:chrome 
com.morressier.scripts.SearchTest 2018-08-26 18:34:16,281 com.morressier.base.BaseTest.preCondition(BaseTest.java:114) Auto login 
com.morressier.scripts.SearchTest 2018-08-26 18:34:19,293 com.morressier.base.BaseTest.preCondition(BaseTest.java:118) Started executing test:search 
com.morressier.scripts.SearchTest 2018-08-26 18:34:29,779 com.morressier.base.BaseTest.postCondition(BaseTest.java:143) Test is PASSED 
com.morressier.scripts.SearchTest 2018-08-26 18:34:29,785 com.morressier.base.BaseTest.postCondition(BaseTest.java:148) Auto logout 
com.morressier.scripts.SearchTest 2018-08-26 18:34:30,790 com.morressier.base.BaseTest.closeApplication(BaseTest.java:106) Closing Browser 
com.morressier.scripts.SearchTest 2018-08-26 18:34:31,787 com.morressier.base.BaseTest.publishReport(BaseTest.java:66) Publishing ExtentReport:./report/26_08_2018_06_34_07.html 
com.morressier.scripts.SearchTest 2018-08-26 18:36:10,173 com.morressier.base.BaseTest.initReport(BaseTest.java:57) Initializing ExtentReport 
com.morressier.scripts.SearchTest 2018-08-26 18:36:10,409 com.morressier.base.BaseTest.initGlobalVar(BaseTest.java:72) Initialize Global Variables 
com.morressier.scripts.SearchTest 2018-08-26 18:36:10,436 com.morressier.base.BaseTest.initApplication(BaseTest.java:83) Opening Browser:chrome 
com.morressier.scripts.SearchTest 2018-08-26 18:36:19,333 com.morressier.base.BaseTest.preCondition(BaseTest.java:114) Auto login 
com.morressier.scripts.SearchTest 2018-08-26 18:36:22,693 com.morressier.base.BaseTest.preCondition(BaseTest.java:118) Started executing test:search 
com.morressier.scripts.SearchTest 2018-08-26 18:36:43,250 com.morressier.base.BaseTest.postCondition(BaseTest.java:143) Test is PASSED 
com.morressier.scripts.SearchTest 2018-08-26 18:36:43,254 com.morressier.base.BaseTest.postCondition(BaseTest.java:148) Auto logout 
com.morressier.scripts.SearchTest 2018-08-26 18:36:43,703 com.morressier.base.BaseTest.closeApplication(BaseTest.java:106) Closing Browser 
com.morressier.scripts.SearchTest 2018-08-26 18:36:44,601 com.morressier.base.BaseTest.publishReport(BaseTest.java:66) Publishing ExtentReport:./report/26_08_2018_06_36_10.html 
com.morressier.scripts.Setting 2018-08-26 18:48:06,088 com.morressier.base.BaseTest.initReport(BaseTest.java:57) Initializing ExtentReport 
com.morressier.scripts.Setting 2018-08-26 18:48:06,327 com.morressier.base.BaseTest.initGlobalVar(BaseTest.java:72) Initialize Global Variables 
com.morressier.scripts.Setting 2018-08-26 18:48:06,356 com.morressier.base.BaseTest.initApplication(BaseTest.java:83) Opening Browser:chrome 
com.morressier.scripts.Setting 2018-08-26 18:48:15,225 com.morressier.base.BaseTest.preCondition(BaseTest.java:114) Auto login 
com.morressier.scripts.Setting 2018-08-26 18:48:18,091 com.morressier.base.BaseTest.preCondition(BaseTest.java:118) Started executing test:search 
com.morressier.scripts.Setting 2018-08-26 18:48:22,366 com.morressier.base.BaseTest.postCondition(BaseTest.java:138) Test is FAILED 
com.morressier.scripts.Setting 2018-08-26 18:48:22,370 com.morressier.base.BaseTest.postCondition(BaseTest.java:148) Auto logout 
com.morressier.scripts.Setting 2018-08-26 18:49:08,026 com.morressier.base.BaseTest.initReport(BaseTest.java:57) Initializing ExtentReport 
com.morressier.scripts.Setting 2018-08-26 18:49:08,261 com.morressier.base.BaseTest.initGlobalVar(BaseTest.java:72) Initialize Global Variables 
com.morressier.scripts.Setting 2018-08-26 18:49:08,289 com.morressier.base.BaseTest.initApplication(BaseTest.java:83) Opening Browser:chrome 
com.morressier.scripts.Setting 2018-08-26 18:49:18,901 com.morressier.base.BaseTest.preCondition(BaseTest.java:114) Auto login 
com.morressier.scripts.Setting 2018-08-26 18:49:22,002 com.morressier.base.BaseTest.preCondition(BaseTest.java:118) Started executing test:search 
com.morressier.scripts.Setting 2018-08-26 18:49:25,275 com.morressier.base.BaseTest.postCondition(BaseTest.java:138) Test is FAILED 
com.morressier.scripts.Setting 2018-08-26 18:49:25,278 com.morressier.base.BaseTest.postCondition(BaseTest.java:148) Auto logout 
com.morressier.scripts.Setting 2018-08-26 18:49:25,630 com.morressier.base.BaseTest.closeApplication(BaseTest.java:106) Closing Browser 
com.morressier.scripts.Setting 2018-08-26 18:49:27,187 com.morressier.base.BaseTest.publishReport(BaseTest.java:66) Publishing ExtentReport:./report/26_08_2018_06_49_08.html 
com.morressier.scripts.Setting 2018-08-26 18:51:46,220 com.morressier.base.BaseTest.initReport(BaseTest.java:57) Initializing ExtentReport 
com.morressier.scripts.Setting 2018-08-26 18:51:46,458 com.morressier.base.BaseTest.initGlobalVar(BaseTest.java:72) Initialize Global Variables 
com.morressier.scripts.Setting 2018-08-26 18:51:46,486 com.morressier.base.BaseTest.initApplication(BaseTest.java:83) Opening Browser:chrome 
com.morressier.scripts.Setting 2018-08-26 18:51:58,616 com.morressier.base.BaseTest.preCondition(BaseTest.java:114) Auto login 
com.morressier.scripts.Setting 2018-08-26 18:52:01,596 com.morressier.base.BaseTest.preCondition(BaseTest.java:118) Started executing test:search 
com.morressier.scripts.Setting 2018-08-26 18:52:04,609 com.morressier.base.BaseTest.postCondition(BaseTest.java:143) Test is PASSED 
com.morressier.scripts.Setting 2018-08-26 18:52:04,614 com.morressier.base.BaseTest.postCondition(BaseTest.java:148) Auto logout 
com.morressier.scripts.Setting 2018-08-26 18:52:05,065 com.morressier.base.BaseTest.closeApplication(BaseTest.java:106) Closing Browser 
com.morressier.scripts.Setting 2018-08-26 18:52:06,733 com.morressier.base.BaseTest.publishReport(BaseTest.java:66) Publishing ExtentReport:./report/26_08_2018_06_51_46.html 
com.morressier.scripts.EventTest 2018-08-26 19:01:20,394 com.morressier.base.BaseTest.initReport(BaseTest.java:57) Initializing ExtentReport 
com.morressier.scripts.EventTest 2018-08-26 19:01:20,628 com.morressier.base.BaseTest.initGlobalVar(BaseTest.java:72) Initialize Global Variables 
com.morressier.scripts.EventTest 2018-08-26 19:01:20,657 com.morressier.base.BaseTest.initApplication(BaseTest.java:83) Opening Browser:chrome 
com.morressier.scripts.EventTest 2018-08-26 19:01:31,008 com.morressier.base.BaseTest.preCondition(BaseTest.java:114) Auto login 
com.morressier.scripts.EventTest 2018-08-26 19:01:33,956 com.morressier.base.BaseTest.preCondition(BaseTest.java:118) Started executing test:search 
com.morressier.scripts.EventTest 2018-08-26 19:01:35,394 com.morressier.base.BaseTest.postCondition(BaseTest.java:143) Test is PASSED 
com.morressier.scripts.EventTest 2018-08-26 19:01:35,400 com.morressier.base.BaseTest.postCondition(BaseTest.java:148) Auto logout 
com.morressier.scripts.EventTest 2018-08-26 19:01:36,609 com.morressier.base.BaseTest.closeApplication(BaseTest.java:106) Closing Browser 
com.morressier.scripts.EventTest 2018-08-26 19:01:37,708 com.morressier.base.BaseTest.publishReport(BaseTest.java:66) Publishing ExtentReport:./report/26_08_2018_07_01_20.html 
com.morressier.scripts.EventTest 2018-08-26 19:01:59,334 com.morressier.base.BaseTest.initReport(BaseTest.java:57) Initializing ExtentReport 
com.morressier.scripts.EventTest 2018-08-26 19:01:59,631 com.morressier.base.BaseTest.initGlobalVar(BaseTest.java:72) Initialize Global Variables 
com.morressier.scripts.EventTest 2018-08-26 19:01:59,659 com.morressier.base.BaseTest.initApplication(BaseTest.java:83) Opening Browser:chrome 
com.morressier.scripts.EventTest 2018-08-26 19:02:10,118 com.morressier.base.BaseTest.preCondition(BaseTest.java:114) Auto login 
com.morressier.scripts.EventTest 2018-08-26 19:02:13,170 com.morressier.base.BaseTest.preCondition(BaseTest.java:118) Started executing test:search 
com.morressier.scripts.EventTest 2018-08-26 19:02:24,681 com.morressier.base.BaseTest.postCondition(BaseTest.java:143) Test is PASSED 
com.morressier.scripts.EventTest 2018-08-26 19:02:24,685 com.morressier.base.BaseTest.postCondition(BaseTest.java:148) Auto logout 
com.morressier.scripts.EventTest 2018-08-26 19:02:25,622 com.morressier.base.BaseTest.closeApplication(BaseTest.java:106) Closing Browser 
com.morressier.scripts.EventTest 2018-08-26 19:02:26,594 com.morressier.base.BaseTest.publishReport(BaseTest.java:66) Publishing ExtentReport:./report/26_08_2018_07_01_59.html 
com.morressier.scripts.EventTest 2018-08-26 19:04:17,530 com.morressier.base.BaseTest.initReport(BaseTest.java:57) Initializing ExtentReport 
com.morressier.scripts.EventTest 2018-08-26 19:04:17,788 com.morressier.base.BaseTest.initGlobalVar(BaseTest.java:72) Initialize Global Variables 
com.morressier.scripts.EventTest 2018-08-26 19:04:17,822 com.morressier.base.BaseTest.initApplication(BaseTest.java:83) Opening Browser:chrome 
com.morressier.scripts.EventTest 2018-08-26 19:04:27,626 com.morressier.base.BaseTest.preCondition(BaseTest.java:114) Auto login 
com.morressier.scripts.EventTest 2018-08-26 19:04:30,700 com.morressier.base.BaseTest.preCondition(BaseTest.java:118) Started executing test:search 
com.morressier.scripts.EventTest 2018-08-26 19:04:57,814 com.morressier.base.BaseTest.postCondition(BaseTest.java:143) Test is PASSED 
com.morressier.scripts.EventTest 2018-08-26 19:04:57,818 com.morressier.base.BaseTest.postCondition(BaseTest.java:148) Auto logout 
com.morressier.scripts.EventTest 2018-08-26 19:04:58,328 com.morressier.base.BaseTest.closeApplication(BaseTest.java:106) Closing Browser 
com.morressier.scripts.EventTest 2018-08-26 19:04:59,388 com.morressier.base.BaseTest.publishReport(BaseTest.java:66) Publishing ExtentReport:./report/26_08_2018_07_04_17.html 
com.morressier.scripts.EventTest 2018-08-26 19:05:08,536 com.morressier.base.BaseTest.initReport(BaseTest.java:57) Initializing ExtentReport 
com.morressier.scripts.EventTest 2018-08-26 19:05:08,786 com.morressier.base.BaseTest.initGlobalVar(BaseTest.java:72) Initialize Global Variables 
com.morressier.scripts.EventTest 2018-08-26 19:05:08,817 com.morressier.base.BaseTest.initApplication(BaseTest.java:83) Opening Browser:chrome 
com.morressier.scripts.EventTest 2018-08-26 19:05:19,908 com.morressier.base.BaseTest.preCondition(BaseTest.java:114) Auto login 
com.morressier.scripts.EventTest 2018-08-26 19:05:22,953 com.morressier.base.BaseTest.preCondition(BaseTest.java:118) Started executing test:search 
com.morressier.scripts.EventTest 2018-08-26 19:05:47,095 com.morressier.base.BaseTest.postCondition(BaseTest.java:138) Test is FAILED 
com.morressier.scripts.EventTest 2018-08-26 19:05:47,099 com.morressier.base.BaseTest.postCondition(BaseTest.java:148) Auto logout 
com.morressier.scripts.EventTest 2018-08-26 19:05:47,598 com.morressier.base.BaseTest.closeApplication(BaseTest.java:106) Closing Browser 
com.morressier.scripts.EventTest 2018-08-26 19:05:48,591 com.morressier.base.BaseTest.publishReport(BaseTest.java:66) Publishing ExtentReport:./report/26_08_2018_07_05_08.html 
com.morressier.scripts.EventTest 2018-08-26 19:05:59,671 com.morressier.base.BaseTest.initReport(BaseTest.java:57) Initializing ExtentReport 
com.morressier.scripts.EventTest 2018-08-26 19:05:59,907 com.morressier.base.BaseTest.initGlobalVar(BaseTest.java:72) Initialize Global Variables 
com.morressier.scripts.EventTest 2018-08-26 19:05:59,935 com.morressier.base.BaseTest.initApplication(BaseTest.java:83) Opening Browser:chrome 
com.morressier.scripts.EventTest 2018-08-26 19:06:10,699 com.morressier.base.BaseTest.preCondition(BaseTest.java:114) Auto login 
com.morressier.scripts.EventTest 2018-08-26 19:06:13,744 com.morressier.base.BaseTest.preCondition(BaseTest.java:118) Started executing test:search 
com.morressier.scripts.EventTest 2018-08-26 19:06:35,644 com.morressier.base.BaseTest.postCondition(BaseTest.java:143) Test is PASSED 
com.morressier.scripts.EventTest 2018-08-26 19:06:35,648 com.morressier.base.BaseTest.postCondition(BaseTest.java:148) Auto logout 
com.morressier.scripts.EventTest 2018-08-26 19:06:36,095 com.morressier.base.BaseTest.closeApplication(BaseTest.java:106) Closing Browser 
com.morressier.scripts.EventTest 2018-08-26 19:06:37,137 com.morressier.base.BaseTest.publishReport(BaseTest.java:66) Publishing ExtentReport:./report/26_08_2018_07_05_59.html 
com.morressier.scripts.EventTest 2018-08-26 19:07:11,578 com.morressier.base.BaseTest.initReport(BaseTest.java:57) Initializing ExtentReport 
com.morressier.scripts.EventTest 2018-08-26 19:07:11,816 com.morressier.base.BaseTest.initGlobalVar(BaseTest.java:72) Initialize Global Variables 
com.morressier.scripts.EventTest 2018-08-26 19:07:11,845 com.morressier.base.BaseTest.initApplication(BaseTest.java:83) Opening Browser:chrome 
com.morressier.scripts.EventTest 2018-08-26 19:07:22,743 com.morressier.base.BaseTest.preCondition(BaseTest.java:114) Auto login 
com.morressier.scripts.EventTest 2018-08-26 19:07:25,418 com.morressier.base.BaseTest.preCondition(BaseTest.java:118) Started executing test:search 
com.morressier.scripts.EventTest 2018-08-26 19:07:45,309 com.morressier.base.BaseTest.postCondition(BaseTest.java:143) Test is PASSED 
com.morressier.scripts.EventTest 2018-08-26 19:07:45,313 com.morressier.base.BaseTest.postCondition(BaseTest.java:148) Auto logout 
com.morressier.scripts.EventTest 2018-08-26 19:07:45,838 com.morressier.base.BaseTest.closeApplication(BaseTest.java:106) Closing Browser 
com.morressier.scripts.EventTest 2018-08-26 19:07:46,858 com.morressier.base.BaseTest.publishReport(BaseTest.java:66) Publishing ExtentReport:./report/26_08_2018_07_07_11.html 
com.morressier.scripts.EventTest 2018-08-26 19:08:21,788 com.morressier.base.BaseTest.initReport(BaseTest.java:57) Initializing ExtentReport 
com.morressier.scripts.EventTest 2018-08-26 19:08:22,027 com.morressier.base.BaseTest.initGlobalVar(BaseTest.java:72) Initialize Global Variables 
com.morressier.scripts.EventTest 2018-08-26 19:08:22,055 com.morressier.base.BaseTest.initApplication(BaseTest.java:83) Opening Browser:chrome 
com.morressier.scripts.EventTest 2018-08-26 19:08:32,754 com.morressier.base.BaseTest.preCondition(BaseTest.java:114) Auto login 
com.morressier.scripts.EventTest 2018-08-26 19:08:35,835 com.morressier.base.BaseTest.preCondition(BaseTest.java:118) Started executing test:search 
com.morressier.scripts.EventTest 2018-08-26 19:08:47,630 com.morressier.base.BaseTest.postCondition(BaseTest.java:143) Test is PASSED 
com.morressier.scripts.EventTest 2018-08-26 19:08:47,634 com.morressier.base.BaseTest.postCondition(BaseTest.java:148) Auto logout 
com.morressier.scripts.EventTest 2018-08-26 19:08:48,052 com.morressier.base.BaseTest.closeApplication(BaseTest.java:106) Closing Browser 
com.morressier.scripts.EventTest 2018-08-26 19:08:48,987 com.morressier.base.BaseTest.publishReport(BaseTest.java:66) Publishing ExtentReport:./report/26_08_2018_07_08_21.html 
com.morressier.scripts.EventTest 2018-08-26 19:10:00,555 com.morressier.base.BaseTest.initReport(BaseTest.java:57) Initializing ExtentReport 
com.morressier.scripts.EventTest 2018-08-26 19:10:00,831 com.morressier.base.BaseTest.initGlobalVar(BaseTest.java:72) Initialize Global Variables 
com.morressier.scripts.EventTest 2018-08-26 19:10:00,867 com.morressier.base.BaseTest.initApplication(BaseTest.java:83) Opening Browser:chrome 
com.morressier.scripts.EventTest 2018-08-26 19:10:11,385 com.morressier.base.BaseTest.preCondition(BaseTest.java:114) Auto login 
com.morressier.scripts.EventTest 2018-08-26 19:10:14,633 com.morressier.base.BaseTest.preCondition(BaseTest.java:118) Started executing test:testAutoLoginLogout 
com.morressier.scripts.EventTest 2018-08-26 19:10:14,645 com.morressier.scripts.LoginLogoutTest.testAutoLoginLogout(LoginLogoutTest.java:10) This script will automatically login and logout 
com.morressier.scripts.EventTest 2018-08-26 19:10:14,653 com.morressier.base.BaseTest.postCondition(BaseTest.java:143) Test is PASSED 
com.morressier.scripts.EventTest 2018-08-26 19:10:14,657 com.morressier.base.BaseTest.postCondition(BaseTest.java:148) Auto logout 
com.morressier.scripts.EventTest 2018-08-26 19:10:17,757 com.morressier.base.BaseTest.closeApplication(BaseTest.java:106) Closing Browser 
com.morressier.scripts.EventTest 2018-08-26 19:10:19,013 com.morressier.base.BaseTest.initApplication(BaseTest.java:83) Opening Browser:chrome 
com.morressier.scripts.EventTest 2018-08-26 19:10:28,443 com.morressier.base.BaseTest.preCondition(BaseTest.java:114) Auto login 
com.morressier.scripts.EventTest 2018-08-26 19:10:31,036 com.morressier.base.BaseTest.preCondition(BaseTest.java:118) Started executing test:search 
com.morressier.scripts.EventTest 2018-08-26 19:10:51,523 com.morressier.base.BaseTest.postCondition(BaseTest.java:143) Test is PASSED 
com.morressier.scripts.EventTest 2018-08-26 19:10:51,524 com.morressier.base.BaseTest.postCondition(BaseTest.java:148) Auto logout 
com.morressier.scripts.EventTest 2018-08-26 19:10:51,957 com.morressier.base.BaseTest.closeApplication(BaseTest.java:106) Closing Browser 
com.morressier.scripts.EventTest 2018-08-26 19:10:53,086 com.morressier.base.BaseTest.initApplication(BaseTest.java:83) Opening Browser:chrome 
com.morressier.scripts.EventTest 2018-08-26 19:11:02,181 com.morressier.base.BaseTest.preCondition(BaseTest.java:114) Auto login 
com.morressier.scripts.EventTest 2018-08-26 19:11:05,452 com.morressier.base.BaseTest.preCondition(BaseTest.java:118) Started executing test:search 
com.morressier.scripts.EventTest 2018-08-26 19:11:08,268 com.morressier.base.BaseTest.postCondition(BaseTest.java:143) Test is PASSED 
com.morressier.scripts.EventTest 2018-08-26 19:11:08,269 com.morressier.base.BaseTest.postCondition(BaseTest.java:148) Auto logout 
com.morressier.scripts.EventTest 2018-08-26 19:11:08,660 com.morressier.base.BaseTest.closeApplication(BaseTest.java:106) Closing Browser 
com.morressier.scripts.EventTest 2018-08-26 19:11:10,047 com.morressier.base.BaseTest.initApplication(BaseTest.java:83) Opening Browser:chrome 
com.morressier.scripts.EventTest 2018-08-26 19:11:18,424 com.morressier.base.BaseTest.preCondition(BaseTest.java:114) Auto login 
com.morressier.scripts.EventTest 2018-08-26 19:11:20,838 com.morressier.base.BaseTest.preCondition(BaseTest.java:118) Started executing test:search 
com.morressier.scripts.EventTest 2018-08-26 19:11:44,705 com.morressier.base.BaseTest.postCondition(BaseTest.java:143) Test is PASSED 
com.morressier.scripts.EventTest 2018-08-26 19:11:44,705 com.morressier.base.BaseTest.postCondition(BaseTest.java:148) Auto logout 
com.morressier.scripts.EventTest 2018-08-26 19:11:45,134 com.morressier.base.BaseTest.closeApplication(BaseTest.java:106) Closing Browser 
com.morressier.scripts.EventTest 2018-08-26 19:11:46,195 com.morressier.base.BaseTest.publishReport(BaseTest.java:66) Publishing ExtentReport:./report/26_08_2018_07_10_00.html 
com.morressier.scripts.EventTest 2018-08-26 19:12:33,147 com.morressier.base.BaseTest.initReport(BaseTest.java:57) Initializing ExtentReport 
com.morressier.scripts.EventTest 2018-08-26 19:12:33,447 com.morressier.base.BaseTest.initGlobalVar(BaseTest.java:72) Initialize Global Variables 
com.morressier.scripts.EventTest 2018-08-26 19:12:33,480 com.morressier.base.BaseTest.initApplication(BaseTest.java:83) Opening Browser:chrome 
com.morressier.scripts.EventTest 2018-08-26 19:12:44,796 com.morressier.base.BaseTest.preCondition(BaseTest.java:114) Auto login 
com.morressier.scripts.EventTest 2018-08-26 19:12:47,894 com.morressier.base.BaseTest.preCondition(BaseTest.java:118) Started executing test:search 
com.morressier.scripts.EventTest 2018-08-26 19:13:11,602 com.morressier.base.BaseTest.postCondition(BaseTest.java:143) Test is PASSED 
com.morressier.scripts.EventTest 2018-08-26 19:13:11,607 com.morressier.base.BaseTest.postCondition(BaseTest.java:148) Auto logout 
com.morressier.scripts.EventTest 2018-08-26 19:13:12,054 com.morressier.base.BaseTest.closeApplication(BaseTest.java:106) Closing Browser 
com.morressier.scripts.EventTest 2018-08-26 19:13:13,167 com.morressier.base.BaseTest.publishReport(BaseTest.java:66) Publishing ExtentReport:./report/26_08_2018_07_12_33.html 
